# JRE version: OpenJDK Runtime Environment Temurin-17.0.4.1+1 (17.0.4.1+1) (build 17.0.4.1+1)
# Java VM: OpenJDK 64-Bit Server VM Temurin-17.0.4.1+1 (17.0.4.1+1, mixed mode, emulated-client, tiered, compressed oops, compressed class ptrs, g1 gc, windows-amd64)
GC Precious Log:
 CPUs: 2 total, 2 available
 Memory: 5964M
 Large Page Support: Disabled
 NUMA Support: Disabled
 Compressed Oops: Enabled (32-bit)
 Heap Region Size: 1M
 Heap Min Capacity: 8M
 Heap Initial Capacity: 94M
 Heap Max Capacity: 1492M
 Pre-touch: Disabled
 Parallel Workers: 2
 Concurrent Workers: 1
 Concurrent Refinement Workers: 2
 Periodic GC: Disabled
Heap:
 garbage-first heap   total 290816K, used 141258K [0x00000000a2c00000, 0x0000000100000000)
  region size 1024K, 15 young (15360K), 15 survivors (15360K)
 Metaspace       used 46626K, committed 46912K, reserved 1097728K
  class space    used 5758K, committed 5888K, reserved 1048576K
GC Heap History (20 events):
Event: 47.351 GC heap after
{Heap after GC invocations=32 (full 0):
 garbage-first heap   total 286720K, used 74747K [0x00000000a2c00000, 0x0000000100000000)
  region size 1024K, 1 young (1024K), 1 survivors (1024K)
 Metaspace       used 39233K, committed 39616K, reserved 1089536K
  class space    used 4971K, committed 5184K, reserved 1048576K
}
Event: 49.335 GC heap before
{Heap before GC invocations=32 (full 0):
 garbage-first heap   total 286720K, used 212987K [0x00000000a2c00000, 0x0000000100000000)
  region size 1024K, 136 young (139264K), 1 survivors (1024K)
 Metaspace       used 39542K, committed 40000K, reserved 1089536K
  class space    used 5024K, committed 5248K, reserved 1048576K
}
Event: 49.352 GC heap after
{Heap after GC invocations=33 (full 0):
 garbage-first heap   total 286720K, used 82735K [0x00000000a2c00000, 0x0000000100000000)
  region size 1024K, 8 young (8192K), 8 survivors (8192K)
 Metaspace       used 39542K, committed 40000K, reserved 1089536K
  class space    used 5024K, committed 5248K, reserved 1048576K
}
Event: 50.260 GC heap before
{Heap before GC invocations=33 (full 0):
 garbage-first heap   total 286720K, used 217903K [0x00000000a2c00000, 0x0000000100000000)
  region size 1024K, 142 young (145408K), 8 survivors (8192K)
 Metaspace       used 40822K, committed 41216K, reserved 1089536K
  class space    used 5121K, committed 5312K, reserved 1048576K
}
Event: 50.275 GC heap after
{Heap after GC invocations=34 (full 0):
 garbage-first heap   total 286720K, used 91131K [0x00000000a2c00000, 0x0000000100000000)
  region size 1024K, 16 young (16384K), 16 survivors (16384K)
 Metaspace       used 40822K, committed 41216K, reserved 1089536K
  class space    used 5121K, committed 5312K, reserved 1048576K
}
Event: 51.306 GC heap before
{Heap before GC invocations=34 (full 0):
 garbage-first heap   total 286720K, used 222203K [0x00000000a2c00000, 0x0000000100000000)
  region size 1024K, 145 young (148480K), 16 survivors (16384K)
 Metaspace       used 41825K, committed 42176K, reserved 1089536K
  class space    used 5207K, committed 5376K, reserved 1048576K
}
Event: 51.330 GC heap after
{Heap after GC invocations=35 (full 0):
 garbage-first heap   total 286720K, used 96884K [0x00000000a2c00000, 0x0000000100000000)
  region size 1024K, 14 young (14336K), 14 survivors (14336K)
 Metaspace       used 41825K, committed 42176K, reserved 1089536K
  class space    used 5207K, committed 5376K, reserved 1048576K
}
Event: 51.867 GC heap before
{Heap before GC invocations=35 (full 0):
 garbage-first heap   total 286720K, used 228980K [0x00000000a2c00000, 0x0000000100000000)
  region size 1024K, 143 young (146432K), 14 survivors (14336K)
 Metaspace       used 42654K, committed 43008K, reserved 1089536K
  class space    used 5322K, committed 5504K, reserved 1048576K
}
Event: 51.886 GC heap after
{Heap after GC invocations=36 (full 0):
 garbage-first heap   total 286720K, used 101715K [0x00000000a2c00000, 0x0000000100000000)
  region size 1024K, 11 young (11264K), 11 survivors (11264K)
 Metaspace       used 42654K, committed 43008K, reserved 1089536K
  class space    used 5322K, committed 5504K, reserved 1048576K
}
Event: 54.301 GC heap before
{Heap before GC invocations=36 (full 0):
 garbage-first heap   total 286720K, used 231763K [0x00000000a2c00000, 0x0000000100000000)
  region size 1024K, 139 young (142336K), 11 survivors (11264K)
 Metaspace       used 43641K, committed 44032K, reserved 1089536K
  class space    used 5449K, committed 5632K, reserved 1048576K
}
Event: 54.331 GC heap after
{Heap after GC invocations=37 (full 0):
 garbage-first heap   total 286720K, used 109056K [0x00000000a2c00000, 0x0000000100000000)
  region size 1024K, 12 young (12288K), 12 survivors (12288K)
 Metaspace       used 43641K, committed 44032K, reserved 1089536K
  class space    used 5449K, committed 5632K, reserved 1048576K
}
Event: 56.150 GC heap before
{Heap before GC invocations=37 (full 0):
 garbage-first heap   total 286720K, used 233984K [0x00000000a2c00000, 0x0000000100000000)
  region size 1024K, 135 young (138240K), 12 survivors (12288K)
 Metaspace       used 44707K, committed 45056K, reserved 1089536K
  class space    used 5542K, committed 5696K, reserved 1048576K
}
Event: 56.179 GC heap after
{Heap after GC invocations=38 (full 0):
 garbage-first heap   total 286720K, used 114176K [0x00000000a2c00000, 0x0000000100000000)
  region size 1024K, 11 young (11264K), 11 survivors (11264K)
 Metaspace       used 44707K, committed 45056K, reserved 1089536K
  class space    used 5542K, committed 5696K, reserved 1048576K
}
Event: 56.787 GC heap before
{Heap before GC invocations=38 (full 0):
 garbage-first heap   total 286720K, used 237056K [0x00000000a2c00000, 0x0000000100000000)
  region size 1024K, 132 young (135168K), 11 survivors (11264K)
 Metaspace       used 45850K, committed 46208K, reserved 1089536K
  class space    used 5663K, committed 5824K, reserved 1048576K
}
Event: 56.812 GC heap after
{Heap after GC invocations=39 (full 0):
 garbage-first heap   total 286720K, used 119808K [0x00000000a2c00000, 0x0000000100000000)
  region size 1024K, 10 young (10240K), 10 survivors (10240K)
 Metaspace       used 45850K, committed 46208K, reserved 1089536K
  class space    used 5663K, committed 5824K, reserved 1048576K
}
Event: 58.853 GC heap before
{Heap before GC invocations=39 (full 0):
 garbage-first heap   total 286720K, used 239616K [0x00000000a2c00000, 0x0000000100000000)
  region size 1024K, 128 young (131072K), 10 survivors (10240K)
 Metaspace       used 46237K, committed 46592K, reserved 1089536K
  class space    used 5710K, committed 5888K, reserved 1048576K
}
Event: 58.881 GC heap after
{Heap after GC invocations=40 (full 0):
 garbage-first heap   total 286720K, used 125952K [0x00000000a2c00000, 0x0000000100000000)
  region size 1024K, 12 young (12288K), 12 survivors (12288K)
 Metaspace       used 46237K, committed 46592K, reserved 1089536K
  class space    used 5710K, committed 5888K, reserved 1048576K
}
Event: 59.847 GC heap before
{Heap before GC invocations=40 (full 0):
 garbage-first heap   total 286720K, used 239616K [0x00000000a2c00000, 0x0000000100000000)
  region size 1024K, 124 young (126976K), 12 survivors (12288K)
 Metaspace       used 46455K, committed 46784K, reserved 1097728K
  class space    used 5743K, committed 5888K, reserved 1048576K
}
Event: 59.894 GC heap after
{Heap after GC invocations=41 (full 0):
 garbage-first heap   total 286720K, used 132048K [0x00000000a2c00000, 0x0000000100000000)
  region size 1024K, 13 young (13312K), 13 survivors (13312K)
 Metaspace       used 46455K, committed 46784K, reserved 1097728K
  class space    used 5743K, committed 5888K, reserved 1048576K
}
Event: 61.812 GC heap before
{Heap before GC invocations=41 (full 0):
 garbage-first heap   total 286720K, used 239568K [0x00000000a2c00000, 0x0000000100000000)
  region size 1024K, 119 young (121856K), 13 survivors (13312K)
 Metaspace       used 46626K, committed 46912K, reserved 1097728K
  class space    used 5758K, committed 5888K, reserved 1048576K
}

